2025-10-31 11:55:28,801 - cv_chatbot - INFO - [candidate_manager.py:145] - Name extracted with LLM: FIRST LAST
2025-10-31 11:55:28,804 - cv_chatbot - INFO - [candidate_manager.py:270] - Registered new candidate: FIRST LAST (8ac82ed7-8abd-47ba-979d-2a1959644607) from content_extraction
2025-10-31 11:55:28,805 - cv_chatbot - INFO - [vector_store.py:330] - Processing CV with enhanced pipeline: FIRST LAST
2025-10-31 11:55:28,805 - cv_chatbot - INFO - [vector_store.py:231] - Starting optimized processing for: FIRST LAST
2025-10-31 11:55:28,806 - cv_chatbot - INFO - [vector_store.py:258] - Extracted 9 sections from pre-processed content: ['Professional Profile', 'FIRST LAST', 'S U M M A R Y', 'E D U C A T I O N', 'T E C H N I C A L S K I L L S', 'E X P E R I E N C E', 'PicoShell ● Software Engineer ● Code ● App', 'TagMe ● Front -End Engineer / DevOps ● Code ● App', 'Roadtrip Mood Music Generator ● Software Engineer ● Code']
2025-10-31 11:55:31,193 - cv_chatbot - INFO - [vector_store.py:156] - Lightweight LLM validation completed
2025-10-31 11:55:31,194 - cv_chatbot - INFO - [vector_store.py:173] - Golden chunk content length: 2937 characters
2025-10-31 11:55:31,194 - cv_chatbot - INFO - [vector_store.py:174] - Golden chunk preview: FIRST LAST

## Professional Profile

An analytical and results-driven software engineer with experience in application development, scripting and coding, automation, web application design, product te...
2025-10-31 11:55:31,195 - cv_chatbot - INFO - [vector_store.py:194] - Created single golden chunk with 2937 characters
2025-10-31 11:55:31,195 - cv_chatbot - INFO - [vector_store.py:266] - Successfully created chunk for FIRST LAST 
2025-10-31 11:55:31,196 - cv_chatbot - INFO - [vector_store.py:345] - Created 1 golden chunks for: FIRST LAST
2025-10-31 11:55:37,587 - cv_chatbot - INFO - [vector_store.py:353] - Appended to existing FAISS index
2025-10-31 11:57:52,402 - cv_chatbot - WARNING - [main.py:107] - Vector store and candidate index reset
2025-10-31 11:58:30,292 - cv_chatbot - INFO - [candidate_manager.py:145] - Name extracted with LLM: A.H.M. HASIBUL HASAN
2025-10-31 11:58:30,294 - cv_chatbot - INFO - [candidate_manager.py:270] - Registered new candidate: A.H.M. HASIBUL HASAN (18334b29-68e3-4b0c-a8b9-667dff71fd60) from content_extraction
2025-10-31 11:58:30,295 - cv_chatbot - INFO - [vector_store.py:330] - Processing CV with enhanced pipeline: A.H.M. HASIBUL HASAN
2025-10-31 11:58:30,295 - cv_chatbot - INFO - [vector_store.py:231] - Starting optimized processing for: A.H.M. HASIBUL HASAN
2025-10-31 11:58:30,297 - cv_chatbot - INFO - [vector_store.py:258] - Extracted 26 sections from pre-processed content: ['A.H.M. HASIBUL HASAN', 'Career Objective:', 'Career Summary:', 'Employment History:', '1. Programmer (1.8 yrs)', 'Flora Limited', 'Duties/Responsibilities:', '2. Assistant Software Development Web Apps (0.2 yr)', 'Regent Group Bd', '3. Assistant Manager IT (0.7 yr)', 'Hamid Group', '4. Manager (IT) (1.8 yrs)', 'Amex Knitting and Dyeing Industries Ltd.', '5. Sr. System Support Engineer (10.7 yrs)', 'Airtel Bangladesh Limited.(Vendor project of Thakral Information System Private Ltd)', '6. IT Engineer (0.3 yr)', 'Al - Muslim Group Ltd', '7. System Support Engineer (0.9 yr)', 'Gonophone Online Ltd.', '8. Customer Support Engineer (1.2 yrs)', 'BD Com Online Ltd.', 'Academic Qualification:', 'Training Summary:', 'Career and Application Information:', 'Language Proficiency:', 'Personal Details :']
2025-10-31 11:58:36,506 - cv_chatbot - INFO - [vector_store.py:156] - Lightweight LLM validation completed
2025-10-31 11:58:36,506 - cv_chatbot - INFO - [vector_store.py:173] - Golden chunk content length: 7643 characters
2025-10-31 11:58:36,506 - cv_chatbot - INFO - [vector_store.py:174] - Golden chunk preview: A.H.M. HASIBUL HASAN

**Career Objective:**
To build a career with intelligence and integrity, seeking a respected and challenging role where educational, technical skills, and experiences can be util...
2025-10-31 11:58:36,506 - cv_chatbot - INFO - [vector_store.py:194] - Created single golden chunk with 7643 characters
2025-10-31 11:58:36,507 - cv_chatbot - INFO - [vector_store.py:266] - Successfully created chunk for A.H.M. HASIBUL HASAN 
2025-10-31 11:58:36,507 - cv_chatbot - INFO - [vector_store.py:345] - Created 1 golden chunks for: A.H.M. HASIBUL HASAN
2025-10-31 11:58:42,144 - cv_chatbot - INFO - [vector_store.py:356] - Created new FAISS index
2025-10-31 12:00:36,203 - cv_chatbot - INFO - [candidate_manager.py:145] - Name extracted with LLM: EVANA YASMIN
2025-10-31 12:00:36,205 - cv_chatbot - INFO - [candidate_manager.py:270] - Registered new candidate: EVANA YASMIN (acafdd8c-ce53-4d3b-a2a5-c8851be664f8) from content_extraction
2025-10-31 12:00:36,206 - cv_chatbot - INFO - [vector_store.py:330] - Processing CV with enhanced pipeline: EVANA YASMIN
2025-10-31 12:00:36,206 - cv_chatbot - INFO - [vector_store.py:231] - Starting optimized processing for: EVANA YASMIN
2025-10-31 12:00:36,207 - cv_chatbot - INFO - [vector_store.py:258] - Extracted 25 sections from pre-processed content: ['EVANA YASMIN', 'Career Objective:', 'PROFESSIONAL SKILLS:', 'MAJOR PROJECT &amp; SERVICES:', '1. Sr. Software Engineer (0.8 yr)', 'Ahsanullah University of Science and Technology', 'Duties/Responsibilities:', '2. Sr. Software Developer (1.7 yrs)', 'Friendship', '3. Backend Developer (0.2 yr)', 'Save the Children in Bangladesh', '4. Java Programmer (0.8 yr)', 'Dnet Ltd.', '5. Sr. Officer (0.9 yr)', 'Save The Children International', '6. Software Engineer (4.8 yrs)', 'BRAC International', '7. Sr. PHP Programmer (2.7 yrs)', 'Winux Soft Ltd', 'Academic Qualification:', 'Training Summary:', 'Career and Application Information:', 'Language Proficiency:', 'Personal Details :', 'Reference (s):']
2025-10-31 12:00:40,026 - cv_chatbot - INFO - [vector_store.py:156] - Lightweight LLM validation completed
2025-10-31 12:00:40,026 - cv_chatbot - INFO - [vector_store.py:173] - Golden chunk content length: 4220 characters
2025-10-31 12:00:40,027 - cv_chatbot - INFO - [vector_store.py:174] - Golden chunk preview: # EVANA YASMIN

## Career Objective:
To succeed in an environment of growth and excellence and earn a job which provides me job satisfaction and self development and help me achieve personal as well a...
2025-10-31 12:00:40,027 - cv_chatbot - INFO - [vector_store.py:194] - Created single golden chunk with 4220 characters
2025-10-31 12:00:40,028 - cv_chatbot - INFO - [vector_store.py:266] - Successfully created chunk for EVANA YASMIN 
2025-10-31 12:00:40,028 - cv_chatbot - INFO - [vector_store.py:345] - Created 1 golden chunks for: EVANA YASMIN
2025-10-31 12:00:45,598 - cv_chatbot - INFO - [vector_store.py:353] - Appended to existing FAISS index
2025-10-31 12:01:27,325 - cv_chatbot - INFO - [rag.py:235] - Documents available - LLM deciding routing
2025-10-31 12:01:27,999 - cv_chatbot - INFO - [rag.py:105] - LLM determined intent: General knowledge for question: who is evana?
2025-10-31 12:01:28,000 - cv_chatbot - INFO - [rag.py:244] - Using general knowledge LLM
2025-10-31 12:02:03,723 - cv_chatbot - INFO - [rag.py:235] - Documents available - LLM deciding routing
2025-10-31 12:02:04,644 - cv_chatbot - INFO - [rag.py:105] - LLM determined intent: General knowledge for question: who is evana yasmin?
2025-10-31 12:02:04,645 - cv_chatbot - INFO - [rag.py:244] - Using general knowledge LLM
2025-10-31 12:02:31,692 - cv_chatbot - INFO - [rag.py:235] - Documents available - LLM deciding routing
2025-10-31 12:02:32,431 - cv_chatbot - INFO - [rag.py:105] - LLM determined intent: General knowledge for question: i need a springboot dev
2025-10-31 12:02:32,432 - cv_chatbot - INFO - [rag.py:244] - Using general knowledge LLM
2025-10-31 12:03:47,379 - cv_chatbot - INFO - [rag.py:235] - Documents available - LLM deciding routing
2025-10-31 12:03:48,629 - cv_chatbot - INFO - [rag.py:102] - LLM determined intent: CV-related for question: who has 2+ years of experience in springboot framework?
2025-10-31 12:03:48,630 - cv_chatbot - INFO - [rag.py:240] - Using RAG for CV-related question
2025-10-31 12:05:31,811 - cv_chatbot - INFO - [rag.py:235] - Documents available - LLM deciding routing
2025-10-31 12:05:33,017 - cv_chatbot - INFO - [rag.py:105] - LLM determined intent: General knowledge for question: hi
2025-10-31 12:05:33,018 - cv_chatbot - INFO - [rag.py:244] - Using general knowledge LLM
2025-10-31 12:05:52,123 - cv_chatbot - INFO - [rag.py:235] - Documents available - LLM deciding routing
2025-10-31 12:05:53,218 - cv_chatbot - INFO - [rag.py:105] - LLM determined intent: General knowledge for question: Is there any python programmer?
2025-10-31 12:05:53,218 - cv_chatbot - INFO - [rag.py:244] - Using general knowledge LLM
2025-10-31 12:06:28,059 - cv_chatbot - INFO - [rag.py:235] - Documents available - LLM deciding routing
2025-10-31 12:06:29,190 - cv_chatbot - INFO - [rag.py:102] - LLM determined intent: CV-related for question: Is there any python programmer in the cv bank?
2025-10-31 12:06:29,191 - cv_chatbot - INFO - [rag.py:240] - Using RAG for CV-related question
2025-10-31 12:15:52,450 - cv_chatbot - INFO - [candidate_manager.py:145] - Name extracted with LLM: ISMAT SULTANA
2025-10-31 12:15:52,452 - cv_chatbot - INFO - [candidate_manager.py:270] - Registered new candidate: ISMAT SULTANA (316e7f6f-41fa-4294-8020-52b0a1e3ac09) from content_extraction
2025-10-31 12:15:52,452 - cv_chatbot - INFO - [vector_store.py:330] - Processing CV with enhanced pipeline: ISMAT SULTANA
2025-10-31 12:15:52,453 - cv_chatbot - INFO - [vector_store.py:231] - Starting optimized processing for: ISMAT SULTANA
2025-10-31 12:15:52,454 - cv_chatbot - INFO - [vector_store.py:258] - Extracted 23 sections from pre-processed content: ['ISMAT SULTANA', 'Career Objective:', 'Special Qualification:', 'Employment History:', '1. Senior Executive IT (1.9 yrs)', 'Quasem Group Limited', 'Duties/Responsibilities:', '2. Assistant Programmer (6.8 yrs)', 'ERA InfoTech Limited', '3. Programmer (1.7 yrs)', 'ATI Limited', '4. Instructor (0.2 yr)', 'National Youth &amp; Technical Training Institute', '5. Teaching (1.5 yrs)', 'Radon International School &amp; College', 'Academic Qualification:', 'Training Summary:', 'Professional Qualification:', 'Career and Application Information:', 'Extra Curricular Activities:', 'Language Proficiency:', 'Personal Details :', 'Reference: 02']
2025-10-31 12:15:57,044 - cv_chatbot - INFO - [vector_store.py:156] - Lightweight LLM validation completed
2025-10-31 12:15:57,045 - cv_chatbot - INFO - [vector_store.py:173] - Golden chunk content length: 3877 characters
2025-10-31 12:15:57,045 - cv_chatbot - INFO - [vector_store.py:174] - Golden chunk preview: # ISMAT SULTANA

## Career Objective
Work in IT

## Summary of Qualifications
A highly skilled and experienced IT professional with over 12 years of experience in software development, database manage...
2025-10-31 12:15:57,046 - cv_chatbot - INFO - [vector_store.py:194] - Created single golden chunk with 3877 characters
2025-10-31 12:15:57,046 - cv_chatbot - INFO - [vector_store.py:266] - Successfully created chunk for ISMAT SULTANA 
2025-10-31 12:15:57,047 - cv_chatbot - INFO - [vector_store.py:345] - Created 1 golden chunks for: ISMAT SULTANA
2025-10-31 12:16:01,736 - cv_chatbot - INFO - [vector_store.py:353] - Appended to existing FAISS index
2025-10-31 14:33:22,808 - cv_chatbot - WARNING - [main.py:147] - Vector store and candidate index reset
2025-10-31 14:33:48,912 - cv_chatbot - INFO - [rag.py:383] - No documents - using general knowledge LLM
2025-10-31 14:34:12,509 - cv_chatbot - INFO - [rag.py:383] - No documents - using general knowledge LLM
2025-10-31 14:34:27,491 - cv_chatbot - INFO - [rag.py:383] - No documents - using general knowledge LLM
2025-10-31 14:35:38,216 - cv_chatbot - ERROR - [vector_store.py:402] - PDF processing failed: 'CandidateManager' object has no attribute 'register_candidate'
2025-10-31 14:35:38,217 - cv_chatbot - ERROR - [main.py:116] - PDF upload failed: 'CandidateManager' object has no attribute 'register_candidate'
Traceback (most recent call last):
  File "/home/nurshed/Desktop/python/project/RAG Study/cv_chat_2/vector_store.py", line 388, in add_to_faiss_index
    candidate_data = candidate_manager.register_candidate(
                     ^^^^^^^^^^^^^^^^^^^^^^^^^^^^^^^^^^^^
AttributeError: 'CandidateManager' object has no attribute 'register_candidate'

During handling of the above exception, another exception occurred:

Traceback (most recent call last):
  File "/home/nurshed/Desktop/python/project/RAG Study/cv_chat_2/main.py", line 99, in upload_only_pdf
    msg, status_code = add_to_faiss_index(file_path, file_hash, FAISS_DIR, HASH_INDEX_FILE)
                       ^^^^^^^^^^^^^^^^^^^^^^^^^^^^^^^^^^^^^^^^^^^^^^^^^^^^^^^^^^^^^^^^^^^^
  File "/home/nurshed/Desktop/python/project/RAG Study/cv_chat_2/vector_store.py", line 405, in add_to_faiss_index
    candidate_data = candidate_manager.register_candidate(
                     ^^^^^^^^^^^^^^^^^^^^^^^^^^^^^^^^^^^^
AttributeError: 'CandidateManager' object has no attribute 'register_candidate'
2025-10-31 14:37:42,062 - cv_chatbot - ERROR - [vector_store.py:402] - PDF processing failed: 'CandidateManager' object has no attribute 'register_candidate'
2025-10-31 14:37:42,062 - cv_chatbot - ERROR - [main.py:116] - PDF upload failed: 'CandidateManager' object has no attribute 'register_candidate'
Traceback (most recent call last):
  File "/home/nurshed/Desktop/python/project/RAG Study/cv_chat_2/vector_store.py", line 388, in add_to_faiss_index
    candidate_data = candidate_manager.register_candidate(
                     ^^^^^^^^^^^^^^^^^^^^^^^^^^^^^^^^^^^^
AttributeError: 'CandidateManager' object has no attribute 'register_candidate'

During handling of the above exception, another exception occurred:

Traceback (most recent call last):
  File "/home/nurshed/Desktop/python/project/RAG Study/cv_chat_2/main.py", line 99, in upload_only_pdf
    msg, status_code = add_to_faiss_index(file_path, file_hash, FAISS_DIR, HASH_INDEX_FILE)
                       ^^^^^^^^^^^^^^^^^^^^^^^^^^^^^^^^^^^^^^^^^^^^^^^^^^^^^^^^^^^^^^^^^^^^
  File "/home/nurshed/Desktop/python/project/RAG Study/cv_chat_2/vector_store.py", line 405, in add_to_faiss_index
    candidate_data = candidate_manager.register_candidate(
                     ^^^^^^^^^^^^^^^^^^^^^^^^^^^^^^^^^^^^
AttributeError: 'CandidateManager' object has no attribute 'register_candidate'
2025-10-31 14:46:49,565 - cv_chatbot - WARNING - [main.py:147] - Vector store and candidate index reset
2025-10-31 14:47:32,001 - cv_chatbot - INFO - [candidate_manager.py:429] - Name extracted with LLM: A.H.M. HASIBUL HASAN
2025-10-31 14:47:32,003 - cv_chatbot - INFO - [candidate_manager.py:555] - Registered new candidate: A.H.M. HASIBUL HASAN (620ebf94-44ba-4d2c-b929-5cf5b458dba3) from content_extraction
2025-10-31 14:47:32,004 - cv_chatbot - INFO - [vector_store.py:396] - Processing CV with enhanced pipeline: A.H.M. HASIBUL HASAN
2025-10-31 14:47:32,005 - cv_chatbot - INFO - [vector_store.py:231] - Starting optimized processing for: A.H.M. HASIBUL HASAN
2025-10-31 14:47:32,006 - cv_chatbot - INFO - [vector_store.py:258] - Extracted 26 sections from pre-processed content: ['A.H.M. HASIBUL HASAN', 'Career Objective:', 'Career Summary:', 'Employment History:', '1. Programmer (1.8 yrs)', 'Flora Limited', 'Duties/Responsibilities:', '2. Assistant Software Development Web Apps (0.2 yr)', 'Regent Group Bd', '3. Assistant Manager IT (0.7 yr)', 'Hamid Group', '4. Manager (IT) (1.8 yrs)', 'Amex Knitting and Dyeing Industries Ltd.', '5. Sr. System Support Engineer (10.7 yrs)', 'Airtel Bangladesh Limited.(Vendor project of Thakral Information System Private Ltd)', '6. IT Engineer (0.3 yr)', 'Al - Muslim Group Ltd', '7. System Support Engineer (0.9 yr)', 'Gonophone Online Ltd.', '8. Customer Support Engineer (1.2 yrs)', 'BD Com Online Ltd.', 'Academic Qualification:', 'Training Summary:', 'Career and Application Information:', 'Language Proficiency:', 'Personal Details :']
2025-10-31 14:47:37,935 - cv_chatbot - INFO - [vector_store.py:156] - Lightweight LLM validation completed
2025-10-31 14:47:37,935 - cv_chatbot - INFO - [vector_store.py:173] - Golden chunk content length: 7247 characters
2025-10-31 14:47:37,936 - cv_chatbot - INFO - [vector_store.py:174] - Golden chunk preview: A.H.M. HASIBUL HASAN

**Career Objective:**
To build a career with intelligence and integrity, seeking a respected and challenging role where my educational, technical skills, and experiences can be u...
2025-10-31 14:47:37,936 - cv_chatbot - INFO - [vector_store.py:194] - Created single golden chunk with 7247 characters
2025-10-31 14:47:37,937 - cv_chatbot - INFO - [vector_store.py:266] - Successfully created chunk for A.H.M. HASIBUL HASAN 
2025-10-31 14:47:37,937 - cv_chatbot - INFO - [vector_store.py:416] - Created 1 golden chunks for: A.H.M. HASIBUL HASAN
2025-10-31 14:47:42,889 - cv_chatbot - INFO - [vector_store.py:427] - Created new FAISS index
2025-10-31 14:48:32,726 - cv_chatbot - INFO - [candidate_manager.py:429] - Name extracted with LLM: EVANA YASMIN
2025-10-31 14:48:32,727 - cv_chatbot - INFO - [candidate_manager.py:555] - Registered new candidate: EVANA YASMIN (6aff243b-832e-44d1-90c4-1e49d913b93b) from content_extraction
2025-10-31 14:48:32,727 - cv_chatbot - INFO - [vector_store.py:396] - Processing CV with enhanced pipeline: EVANA YASMIN
2025-10-31 14:48:32,727 - cv_chatbot - INFO - [vector_store.py:231] - Starting optimized processing for: EVANA YASMIN
2025-10-31 14:48:32,728 - cv_chatbot - INFO - [vector_store.py:258] - Extracted 25 sections from pre-processed content: ['EVANA YASMIN', 'Career Objective:', 'PROFESSIONAL SKILLS:', 'MAJOR PROJECT &amp; SERVICES:', '1. Sr. Software Engineer (0.8 yr)', 'Ahsanullah University of Science and Technology', 'Duties/Responsibilities:', '2. Sr. Software Developer (1.7 yrs)', 'Friendship', '3. Backend Developer (0.2 yr)', 'Save the Children in Bangladesh', '4. Java Programmer (0.8 yr)', 'Dnet Ltd.', '5. Sr. Officer (0.9 yr)', 'Save The Children International', '6. Software Engineer (4.8 yrs)', 'BRAC International', '7. Sr. PHP Programmer (2.7 yrs)', 'Winux Soft Ltd', 'Academic Qualification:', 'Training Summary:', 'Career and Application Information:', 'Language Proficiency:', 'Personal Details :', 'Reference (s):']
2025-10-31 14:48:37,103 - cv_chatbot - INFO - [vector_store.py:156] - Lightweight LLM validation completed
2025-10-31 14:48:37,104 - cv_chatbot - INFO - [vector_store.py:173] - Golden chunk content length: 4339 characters
2025-10-31 14:48:37,104 - cv_chatbot - INFO - [vector_store.py:174] - Golden chunk preview: # EVANA YASMIN

## Career Objective:
To succeed in an environment of growth and excellence and earn a job which provides me job satisfaction and self development and help me achieve personal as well a...
2025-10-31 14:48:37,105 - cv_chatbot - INFO - [vector_store.py:194] - Created single golden chunk with 4339 characters
2025-10-31 14:48:37,105 - cv_chatbot - INFO - [vector_store.py:266] - Successfully created chunk for EVANA YASMIN 
2025-10-31 14:48:37,105 - cv_chatbot - INFO - [vector_store.py:416] - Created 1 golden chunks for: EVANA YASMIN
2025-10-31 14:48:41,390 - cv_chatbot - INFO - [vector_store.py:424] - Appended to existing FAISS index
2025-10-31 14:48:58,563 - cv_chatbot - INFO - [rag.py:387] - Documents available - using RAG only
2025-10-31 14:49:22,912 - cv_chatbot - INFO - [rag.py:387] - Documents available - using RAG only
2025-10-31 15:00:35,520 - cv_chatbot - WARNING - [main.py:206] - Vector store and candidate index reset
2025-10-31 15:00:59,506 - cv_chatbot - WARNING - [main.py:135] - Original path '/home/nurshed/Desktop/APPLICATION - BDJOBS' doesn't match filename 'A.H.M._HASIBUL_HASAN.pdf'. Using provided path.
2025-10-31 15:00:59,507 - cv_chatbot - INFO - [vector_store.py:452] - Storing original client path: /home/nurshed/Desktop/APPLICATION - BDJOBS
2025-10-31 15:01:32,383 - cv_chatbot - INFO - [candidate_manager.py:429] - Name extracted with LLM: A.H.M. HASIBUL HASAN
2025-10-31 15:01:32,384 - cv_chatbot - INFO - [candidate_manager.py:555] - Registered new candidate: A.H.M. HASIBUL HASAN (319099a5-19e4-4196-be1f-e3f9041619d0) from content_extraction
2025-10-31 15:01:32,384 - cv_chatbot - INFO - [vector_store.py:476] - Processing CV with enhanced pipeline: A.H.M. HASIBUL HASAN
2025-10-31 15:01:32,384 - cv_chatbot - INFO - [vector_store.py:231] - Starting optimized processing for: A.H.M. HASIBUL HASAN
2025-10-31 15:01:32,385 - cv_chatbot - INFO - [vector_store.py:258] - Extracted 26 sections from pre-processed content: ['A.H.M. HASIBUL HASAN', 'Career Objective:', 'Career Summary:', 'Employment History:', '1. Programmer (1.8 yrs)', 'Flora Limited', 'Duties/Responsibilities:', '2. Assistant Software Development Web Apps (0.2 yr)', 'Regent Group Bd', '3. Assistant Manager IT (0.7 yr)', 'Hamid Group', '4. Manager (IT) (1.8 yrs)', 'Amex Knitting and Dyeing Industries Ltd.', '5. Sr. System Support Engineer (10.7 yrs)', 'Airtel Bangladesh Limited.(Vendor project of Thakral Information System Private Ltd)', '6. IT Engineer (0.3 yr)', 'Al - Muslim Group Ltd', '7. System Support Engineer (0.9 yr)', 'Gonophone Online Ltd.', '8. Customer Support Engineer (1.2 yrs)', 'BD Com Online Ltd.', 'Academic Qualification:', 'Training Summary:', 'Career and Application Information:', 'Language Proficiency:', 'Personal Details :']
2025-10-31 15:01:38,954 - cv_chatbot - INFO - [vector_store.py:156] - Lightweight LLM validation completed
2025-10-31 15:01:38,955 - cv_chatbot - INFO - [vector_store.py:173] - Golden chunk content length: 21998 characters
2025-10-31 15:01:38,955 - cv_chatbot - INFO - [vector_store.py:174] - Golden chunk preview: A.H.M. HASIBUL HASAN

**Career Objective:**
To build a career with intelligence and integrity, seeking a respected and challenging role where educational, technical skills, and experiences can be util...
2025-10-31 15:01:38,956 - cv_chatbot - WARNING - [vector_store.py:178] - Content too long (21998 chars), truncating
2025-10-31 15:01:38,957 - cv_chatbot - INFO - [vector_store.py:194] - Created single golden chunk with 15032 characters
2025-10-31 15:01:38,957 - cv_chatbot - INFO - [vector_store.py:266] - Successfully created chunk for A.H.M. HASIBUL HASAN 
2025-10-31 15:01:38,958 - cv_chatbot - INFO - [vector_store.py:496] - Created 1 golden chunks for: A.H.M. HASIBUL HASAN
2025-10-31 15:01:44,084 - cv_chatbot - INFO - [vector_store.py:507] - Created new FAISS index
2025-10-31 15:02:43,612 - cv_chatbot - WARNING - [main.py:135] - Original path '/home/nurshed/Downloads/Recruitment-Old/Front End Developer' doesn't match filename '02.Avirup Mondal.pdf'. Using provided path.
2025-10-31 15:02:43,613 - cv_chatbot - INFO - [vector_store.py:452] - Storing original client path: /home/nurshed/Downloads/Recruitment-Old/Front End Developer
2025-10-31 15:02:57,099 - cv_chatbot - INFO - [candidate_manager.py:429] - Name extracted with LLM: Avirup Mondol
2025-10-31 15:02:57,102 - cv_chatbot - INFO - [candidate_manager.py:555] - Registered new candidate: Avirup Mondol (dd0fb301-ac31-46e4-8f84-4ec64568d6ee) from content_extraction
2025-10-31 15:02:57,102 - cv_chatbot - INFO - [vector_store.py:476] - Processing CV with enhanced pipeline: Avirup Mondol
2025-10-31 15:02:57,103 - cv_chatbot - INFO - [vector_store.py:231] - Starting optimized processing for: Avirup Mondol
2025-10-31 15:02:57,103 - cv_chatbot - INFO - [vector_store.py:258] - Extracted 8 sections from pre-processed content: ['Avirup Mondol', 'SUMMERY:', 'MY PROJECTS EXPERIENCE:', 'M Y   S K I L L :', 'EDUCATIONAL QUALIFICATION:', 'WORKING EXPERIENCE:', 'LANGUAGE PROFICIENCY:', 'EXTRA CURRICULAR ACTIVITIES']
2025-10-31 15:03:01,562 - cv_chatbot - INFO - [vector_store.py:156] - Lightweight LLM validation completed
2025-10-31 15:03:01,562 - cv_chatbot - INFO - [vector_store.py:173] - Golden chunk content length: 4310 characters
2025-10-31 15:03:01,563 - cv_chatbot - INFO - [vector_store.py:174] - Golden chunk preview: # Avirup Mondol

## SUMMARY
Aspiring Junior Software Engineer with a BSc in Computer Science and Engineering from Independent University Bangladesh. Seeking to leverage skills in a challenging role to...
2025-10-31 15:03:01,563 - cv_chatbot - INFO - [vector_store.py:194] - Created single golden chunk with 4310 characters
2025-10-31 15:03:01,564 - cv_chatbot - INFO - [vector_store.py:266] - Successfully created chunk for Avirup Mondol 
2025-10-31 15:03:01,564 - cv_chatbot - INFO - [vector_store.py:496] - Created 1 golden chunks for: Avirup Mondol
2025-10-31 15:03:06,307 - cv_chatbot - INFO - [vector_store.py:504] - Appended to existing FAISS index
2025-10-31 15:03:22,040 - cv_chatbot - INFO - [rag.py:501] - Documents available - using RAG only
2025-10-31 15:03:26,238 - cv_chatbot - INFO - [rag.py:339] - Found source path for A.H.M. HASIBUL HASAN: /home/nurshed/Desktop/APPLICATION - BDJOBS -> APPLICATION - BDJOBS
2025-10-31 15:03:26,238 - cv_chatbot - INFO - [rag.py:339] - Found source path for Avirup Mondol: /home/nurshed/Downloads/Recruitment-Old/Front End Developer -> Front End Developer
2025-10-31 15:03:32,027 - cv_chatbot - INFO - [rag.py:401] - Added source attribution: APPLICATION - BDJOBS, Front End Developer
2025-10-31 15:15:01,478 - cv_chatbot - INFO - [rag.py:501] - Documents available - using RAG only
2025-10-31 15:15:06,055 - cv_chatbot - INFO - [rag.py:339] - Found source path for A.H.M. HASIBUL HASAN: /home/nurshed/Desktop/APPLICATION - BDJOBS -> APPLICATION - BDJOBS
2025-10-31 15:15:06,055 - cv_chatbot - INFO - [rag.py:339] - Found source path for Avirup Mondol: /home/nurshed/Downloads/Recruitment-Old/Front End Developer -> Front End Developer
2025-10-31 15:15:09,030 - cv_chatbot - INFO - [rag.py:401] - Added source attribution: APPLICATION - BDJOBS, Front End Developer
2025-10-31 15:51:23,635 - cv_chatbot - INFO - [rag.py:501] - Documents available - using RAG only
2025-10-31 15:51:28,921 - cv_chatbot - INFO - [rag.py:339] - Found source path for Avirup Mondol: /home/nurshed/Downloads/Recruitment-Old/Front End Developer -> Front End Developer
2025-10-31 15:51:28,921 - cv_chatbot - INFO - [rag.py:339] - Found source path for A.H.M. HASIBUL HASAN: /home/nurshed/Desktop/APPLICATION - BDJOBS -> APPLICATION - BDJOBS
2025-10-31 15:51:31,888 - cv_chatbot - INFO - [rag.py:401] - Added source attribution: APPLICATION - BDJOBS, Front End Developer
2025-10-31 15:56:56,603 - cv_chatbot - INFO - [rag.py:501] - Documents available - using RAG only
2025-10-31 15:57:01,471 - cv_chatbot - INFO - [rag.py:339] - Found source path for A.H.M. HASIBUL HASAN: /home/nurshed/Desktop/APPLICATION - BDJOBS -> APPLICATION - BDJOBS
2025-10-31 15:57:01,471 - cv_chatbot - INFO - [rag.py:339] - Found source path for Avirup Mondol: /home/nurshed/Downloads/Recruitment-Old/Front End Developer -> Front End Developer
2025-10-31 15:57:04,826 - cv_chatbot - INFO - [rag.py:401] - Added source attribution: APPLICATION - BDJOBS, Front End Developer
